[2025-03-24T21:29:11.598+0000] {manager.py:483} INFO - Processing files using up to 2 processes at a time 
[2025-03-24T21:29:11.599+0000] {manager.py:484} INFO - Process each file at most once every 30 seconds
[2025-03-24T21:29:11.599+0000] {manager.py:485} INFO - Checking for new files in /opt/airflow/dags every 300 seconds
[2025-03-24T21:29:11.599+0000] {manager.py:821} INFO - Searching for files in /opt/airflow/dags
[2025-03-24T21:29:11.601+0000] {manager.py:824} INFO - There are 0 files in /opt/airflow/dags
[2025-03-24T21:34:11.862+0000] {manager.py:821} INFO - Searching for files in /opt/airflow/dags
[2025-03-24T21:34:11.868+0000] {manager.py:824} INFO - There are 0 files in /opt/airflow/dags
[2025-03-24T21:36:02.439+0000] {manager.py:465} INFO - Exiting gracefully upon receiving signal 15
[2025-03-24T21:36:48.786+0000] {manager.py:483} INFO - Processing files using up to 2 processes at a time 
[2025-03-24T21:36:48.787+0000] {manager.py:484} INFO - Process each file at most once every 30 seconds
[2025-03-24T21:36:48.787+0000] {manager.py:485} INFO - Checking for new files in /opt/airflow/dags every 300 seconds
[2025-03-24T21:36:48.787+0000] {manager.py:821} INFO - Searching for files in /opt/airflow/dags
[2025-03-24T21:36:48.789+0000] {manager.py:824} INFO - There are 0 files in /opt/airflow/dags
[2025-03-24T21:41:48.996+0000] {manager.py:821} INFO - Searching for files in /opt/airflow/dags
[2025-03-24T21:41:49.005+0000] {manager.py:824} INFO - There are 0 files in /opt/airflow/dags
[2025-03-24T21:46:27.284+0000] {manager.py:465} INFO - Exiting gracefully upon receiving signal 15
[2025-03-24T21:46:58.241+0000] {manager.py:483} INFO - Processing files using up to 2 processes at a time 
[2025-03-24T21:46:58.242+0000] {manager.py:484} INFO - Process each file at most once every 30 seconds
[2025-03-24T21:46:58.242+0000] {manager.py:485} INFO - Checking for new files in /opt/airflow/dags every 300 seconds
[2025-03-24T21:46:58.242+0000] {manager.py:821} INFO - Searching for files in /opt/airflow/dags
[2025-03-24T21:46:58.242+0000] {manager.py:824} INFO - There are 0 files in /opt/airflow/dags
[2025-03-24T21:47:36.991+0000] {manager.py:465} INFO - Exiting gracefully upon receiving signal 15
[2025-03-24T21:48:11.039+0000] {manager.py:483} INFO - Processing files using up to 2 processes at a time 
[2025-03-24T21:48:11.039+0000] {manager.py:484} INFO - Process each file at most once every 30 seconds
[2025-03-24T21:48:11.040+0000] {manager.py:485} INFO - Checking for new files in /opt/airflow/dags every 300 seconds
[2025-03-24T21:48:11.040+0000] {manager.py:821} INFO - Searching for files in /opt/airflow/dags
[2025-03-24T21:48:11.041+0000] {manager.py:824} INFO - There are 0 files in /opt/airflow/dags
[2025-03-24T21:53:11.766+0000] {manager.py:821} INFO - Searching for files in /opt/airflow/dags
[2025-03-24T21:53:11.770+0000] {manager.py:824} INFO - There are 0 files in /opt/airflow/dags
[2025-03-24T21:54:22.559+0000] {manager.py:465} INFO - Exiting gracefully upon receiving signal 15
[2025-03-24T21:57:05.774+0000] {manager.py:483} INFO - Processing files using up to 2 processes at a time 
[2025-03-24T21:57:05.775+0000] {manager.py:484} INFO - Process each file at most once every 30 seconds
[2025-03-24T21:57:05.775+0000] {manager.py:485} INFO - Checking for new files in /opt/airflow/dags every 300 seconds
[2025-03-24T21:57:05.775+0000] {manager.py:821} INFO - Searching for files in /opt/airflow/dags
[2025-03-24T21:57:05.776+0000] {manager.py:824} INFO - There are 0 files in /opt/airflow/dags
[2025-03-24T21:59:32.462+0000] {manager.py:465} INFO - Exiting gracefully upon receiving signal 15
[2025-03-24T22:03:46.690+0000] {manager.py:483} INFO - Processing files using up to 2 processes at a time 
[2025-03-24T22:03:46.691+0000] {manager.py:484} INFO - Process each file at most once every 30 seconds
[2025-03-24T22:03:46.691+0000] {manager.py:485} INFO - Checking for new files in /opt/airflow/dags every 300 seconds
[2025-03-24T22:03:46.691+0000] {manager.py:821} INFO - Searching for files in /opt/airflow/dags
[2025-03-24T22:03:46.691+0000] {manager.py:824} INFO - There are 0 files in /opt/airflow/dags
[2025-03-24T22:04:13.665+0000] {manager.py:465} INFO - Exiting gracefully upon receiving signal 15
[2025-03-24T22:05:19.708+0000] {manager.py:483} INFO - Processing files using up to 2 processes at a time 
[2025-03-24T22:05:19.709+0000] {manager.py:484} INFO - Process each file at most once every 30 seconds
[2025-03-24T22:05:19.709+0000] {manager.py:485} INFO - Checking for new files in /opt/airflow/dags every 300 seconds
[2025-03-24T22:05:19.709+0000] {manager.py:821} INFO - Searching for files in /opt/airflow/dags
[2025-03-24T22:05:19.709+0000] {manager.py:824} INFO - There are 0 files in /opt/airflow/dags
[2025-03-24T22:05:57.006+0000] {manager.py:465} INFO - Exiting gracefully upon receiving signal 15
[2025-03-24T22:09:09.456+0000] {manager.py:483} INFO - Processing files using up to 2 processes at a time 
[2025-03-24T22:09:09.457+0000] {manager.py:484} INFO - Process each file at most once every 30 seconds
[2025-03-24T22:09:09.457+0000] {manager.py:485} INFO - Checking for new files in /opt/airflow/dags every 300 seconds
[2025-03-24T22:09:09.457+0000] {manager.py:821} INFO - Searching for files in /opt/airflow/dags
[2025-03-24T22:09:09.458+0000] {manager.py:824} INFO - There are 0 files in /opt/airflow/dags
[2025-03-24T22:09:27.052+0000] {manager.py:465} INFO - Exiting gracefully upon receiving signal 15
[2025-03-24T22:13:03.252+0000] {manager.py:483} INFO - Processing files using up to 2 processes at a time 
[2025-03-24T22:13:03.253+0000] {manager.py:484} INFO - Process each file at most once every 30 seconds
[2025-03-24T22:13:03.253+0000] {manager.py:485} INFO - Checking for new files in /opt/airflow/dags every 300 seconds
[2025-03-24T22:13:03.253+0000] {manager.py:821} INFO - Searching for files in /opt/airflow/dags
[2025-03-24T22:13:03.253+0000] {manager.py:824} INFO - There are 0 files in /opt/airflow/dags
[2025-03-24T22:18:04.218+0000] {manager.py:821} INFO - Searching for files in /opt/airflow/dags
[2025-03-24T22:18:04.221+0000] {manager.py:824} INFO - There are 0 files in /opt/airflow/dags
[2025-03-24T22:20:02.307+0000] {manager.py:465} INFO - Exiting gracefully upon receiving signal 15
[2025-03-24T22:20:40.389+0000] {manager.py:483} INFO - Processing files using up to 2 processes at a time 
[2025-03-24T22:20:40.390+0000] {manager.py:484} INFO - Process each file at most once every 30 seconds
[2025-03-24T22:20:40.390+0000] {manager.py:485} INFO - Checking for new files in /opt/airflow/dags every 300 seconds
[2025-03-24T22:20:40.390+0000] {manager.py:821} INFO - Searching for files in /opt/airflow/dags
[2025-03-24T22:20:40.391+0000] {manager.py:824} INFO - There are 0 files in /opt/airflow/dags
[2025-03-24T22:20:43.542+0000] {manager.py:465} INFO - Exiting gracefully upon receiving signal 15
[2025-03-25T00:58:01.884+0000] {manager.py:483} INFO - Processing files using up to 2 processes at a time 
[2025-03-25T00:58:01.885+0000] {manager.py:484} INFO - Process each file at most once every 30 seconds
[2025-03-25T00:58:01.885+0000] {manager.py:485} INFO - Checking for new files in /opt/airflow/dags every 300 seconds
[2025-03-25T00:58:01.885+0000] {manager.py:821} INFO - Searching for files in /opt/airflow/dags
[2025-03-25T00:58:01.886+0000] {manager.py:824} INFO - There are 0 files in /opt/airflow/dags
[2025-03-25T01:03:02.603+0000] {manager.py:821} INFO - Searching for files in /opt/airflow/dags
[2025-03-25T01:03:02.607+0000] {manager.py:824} INFO - There are 0 files in /opt/airflow/dags
[2025-03-25T01:06:47.991+0000] {manager.py:465} INFO - Exiting gracefully upon receiving signal 15
[2025-03-25T01:06:59.004+0000] {manager.py:483} INFO - Processing files using up to 2 processes at a time 
[2025-03-25T01:06:59.004+0000] {manager.py:484} INFO - Process each file at most once every 30 seconds
[2025-03-25T01:06:59.004+0000] {manager.py:485} INFO - Checking for new files in /opt/airflow/dags every 300 seconds
[2025-03-25T01:06:59.004+0000] {manager.py:821} INFO - Searching for files in /opt/airflow/dags
[2025-03-25T01:06:59.005+0000] {manager.py:824} INFO - There are 0 files in /opt/airflow/dags
[2025-03-25T01:07:09.612+0000] {manager.py:465} INFO - Exiting gracefully upon receiving signal 15
[2025-03-25T01:09:40.672+0000] {manager.py:483} INFO - Processing files using up to 2 processes at a time 
[2025-03-25T01:09:40.672+0000] {manager.py:484} INFO - Process each file at most once every 30 seconds
[2025-03-25T01:09:40.672+0000] {manager.py:485} INFO - Checking for new files in /opt/airflow/dags every 300 seconds
[2025-03-25T01:09:40.672+0000] {manager.py:821} INFO - Searching for files in /opt/airflow/dags
[2025-03-25T01:09:40.673+0000] {manager.py:824} INFO - There are 0 files in /opt/airflow/dags
[2025-03-25T01:09:51.996+0000] {manager.py:465} INFO - Exiting gracefully upon receiving signal 15
[2025-03-25T01:12:39.655+0000] {manager.py:483} INFO - Processing files using up to 2 processes at a time 
[2025-03-25T01:12:39.656+0000] {manager.py:484} INFO - Process each file at most once every 30 seconds
[2025-03-25T01:12:39.656+0000] {manager.py:485} INFO - Checking for new files in /opt/airflow/dags every 300 seconds
[2025-03-25T01:12:39.656+0000] {manager.py:821} INFO - Searching for files in /opt/airflow/dags
[2025-03-25T01:12:39.657+0000] {manager.py:824} INFO - There are 0 files in /opt/airflow/dags
[2025-03-25T01:17:40.541+0000] {manager.py:821} INFO - Searching for files in /opt/airflow/dags
[2025-03-25T01:17:40.546+0000] {manager.py:824} INFO - There are 0 files in /opt/airflow/dags
[2025-03-25T01:21:07.141+0000] {manager.py:465} INFO - Exiting gracefully upon receiving signal 15
[2025-03-25T01:48:42.012+0000] {manager.py:483} INFO - Processing files using up to 2 processes at a time 
[2025-03-25T01:48:42.013+0000] {manager.py:484} INFO - Process each file at most once every 30 seconds
[2025-03-25T01:48:42.013+0000] {manager.py:485} INFO - Checking for new files in /opt/airflow/dags every 300 seconds
[2025-03-25T01:48:42.013+0000] {manager.py:821} INFO - Searching for files in /opt/airflow/dags
[2025-03-25T01:48:42.014+0000] {manager.py:824} INFO - There are 0 files in /opt/airflow/dags
[2025-03-25T01:53:42.783+0000] {manager.py:821} INFO - Searching for files in /opt/airflow/dags
[2025-03-25T01:53:42.788+0000] {manager.py:824} INFO - There are 0 files in /opt/airflow/dags
[2025-03-25T01:58:43.747+0000] {manager.py:821} INFO - Searching for files in /opt/airflow/dags
[2025-03-25T01:58:43.753+0000] {manager.py:824} INFO - There are 0 files in /opt/airflow/dags
[2025-03-25T02:00:37.796+0000] {manager.py:465} INFO - Exiting gracefully upon receiving signal 15
[2025-03-25T02:06:49.158+0000] {manager.py:483} INFO - Processing files using up to 2 processes at a time 
[2025-03-25T02:06:49.159+0000] {manager.py:484} INFO - Process each file at most once every 30 seconds
[2025-03-25T02:06:49.159+0000] {manager.py:485} INFO - Checking for new files in /opt/airflow/dags every 300 seconds
[2025-03-25T02:06:49.159+0000] {manager.py:821} INFO - Searching for files in /opt/airflow/dags
[2025-03-25T02:06:49.160+0000] {manager.py:824} INFO - There are 0 files in /opt/airflow/dags
[2025-03-25T02:11:49.784+0000] {manager.py:821} INFO - Searching for files in /opt/airflow/dags
[2025-03-25T02:11:49.792+0000] {manager.py:824} INFO - There are 0 files in /opt/airflow/dags
[2025-03-25T02:16:50.711+0000] {manager.py:821} INFO - Searching for files in /opt/airflow/dags
[2025-03-25T02:16:50.713+0000] {manager.py:824} INFO - There are 0 files in /opt/airflow/dags
[2025-03-25T02:21:51.031+0000] {manager.py:821} INFO - Searching for files in /opt/airflow/dags
[2025-03-25T02:21:51.036+0000] {manager.py:824} INFO - There are 0 files in /opt/airflow/dags
[2025-03-25T04:11:04.005+0000] {manager.py:821} INFO - Searching for files in /opt/airflow/dags
[2025-03-25T04:11:04.009+0000] {manager.py:824} INFO - There are 0 files in /opt/airflow/dags
[2025-03-25T04:16:04.993+0000] {manager.py:821} INFO - Searching for files in /opt/airflow/dags
[2025-03-25T04:16:05.001+0000] {manager.py:824} INFO - There are 0 files in /opt/airflow/dags
[2025-03-25T04:21:05.056+0000] {manager.py:821} INFO - Searching for files in /opt/airflow/dags
[2025-03-25T04:21:05.060+0000] {manager.py:824} INFO - There are 0 files in /opt/airflow/dags
[2025-03-25T04:26:05.078+0000] {manager.py:821} INFO - Searching for files in /opt/airflow/dags
[2025-03-25T04:26:05.084+0000] {manager.py:824} INFO - There are 0 files in /opt/airflow/dags
[2025-03-25T04:31:06.021+0000] {manager.py:821} INFO - Searching for files in /opt/airflow/dags
[2025-03-25T04:31:06.030+0000] {manager.py:824} INFO - There are 0 files in /opt/airflow/dags
[2025-03-25T04:36:07.000+0000] {manager.py:821} INFO - Searching for files in /opt/airflow/dags
[2025-03-25T04:36:07.006+0000] {manager.py:824} INFO - There are 0 files in /opt/airflow/dags
[2025-03-25T04:41:07.951+0000] {manager.py:821} INFO - Searching for files in /opt/airflow/dags
[2025-03-25T04:41:07.957+0000] {manager.py:824} INFO - There are 0 files in /opt/airflow/dags
[2025-03-25T04:49:19.976+0000] {manager.py:821} INFO - Searching for files in /opt/airflow/dags
[2025-03-25T04:49:19.978+0000] {manager.py:824} INFO - There are 0 files in /opt/airflow/dags
[2025-03-25T04:54:20.918+0000] {manager.py:821} INFO - Searching for files in /opt/airflow/dags
[2025-03-25T04:54:20.922+0000] {manager.py:824} INFO - There are 0 files in /opt/airflow/dags
[2025-03-25T04:59:21.738+0000] {manager.py:821} INFO - Searching for files in /opt/airflow/dags
[2025-03-25T04:59:21.744+0000] {manager.py:824} INFO - There are 0 files in /opt/airflow/dags
[2025-03-25T05:04:21.758+0000] {manager.py:821} INFO - Searching for files in /opt/airflow/dags
[2025-03-25T05:04:21.766+0000] {manager.py:824} INFO - There are 0 files in /opt/airflow/dags
[2025-03-25T05:09:21.775+0000] {manager.py:821} INFO - Searching for files in /opt/airflow/dags
[2025-03-25T05:09:21.780+0000] {manager.py:824} INFO - There are 0 files in /opt/airflow/dags
[2025-03-25T05:14:21.930+0000] {manager.py:821} INFO - Searching for files in /opt/airflow/dags
[2025-03-25T05:14:21.936+0000] {manager.py:824} INFO - There are 0 files in /opt/airflow/dags
[2025-03-25T05:19:22.743+0000] {manager.py:821} INFO - Searching for files in /opt/airflow/dags
[2025-03-25T05:19:22.747+0000] {manager.py:824} INFO - There are 0 files in /opt/airflow/dags
[2025-03-25T05:24:23.712+0000] {manager.py:821} INFO - Searching for files in /opt/airflow/dags
[2025-03-25T05:24:23.717+0000] {manager.py:824} INFO - There are 0 files in /opt/airflow/dags
[2025-03-25T05:29:24.630+0000] {manager.py:821} INFO - Searching for files in /opt/airflow/dags
[2025-03-25T05:29:24.638+0000] {manager.py:824} INFO - There are 0 files in /opt/airflow/dags
[2025-03-25T05:34:25.486+0000] {manager.py:821} INFO - Searching for files in /opt/airflow/dags
[2025-03-25T05:34:25.492+0000] {manager.py:824} INFO - There are 0 files in /opt/airflow/dags
[2025-03-25T05:39:26.399+0000] {manager.py:821} INFO - Searching for files in /opt/airflow/dags
[2025-03-25T05:39:26.407+0000] {manager.py:824} INFO - There are 0 files in /opt/airflow/dags
[2025-03-25T05:44:26.743+0000] {manager.py:821} INFO - Searching for files in /opt/airflow/dags
[2025-03-25T05:44:26.745+0000] {manager.py:824} INFO - There are 0 files in /opt/airflow/dags
[2025-03-25T12:41:08.856+0000] {manager.py:821} INFO - Searching for files in /opt/airflow/dags
[2025-03-25T12:41:08.890+0000] {manager.py:824} INFO - There are 0 files in /opt/airflow/dags
[2025-03-25T12:46:09.229+0000] {manager.py:821} INFO - Searching for files in /opt/airflow/dags
[2025-03-25T12:46:09.237+0000] {manager.py:824} INFO - There are 0 files in /opt/airflow/dags
[2025-03-25T14:35:34.176+0000] {manager.py:821} INFO - Searching for files in /opt/airflow/dags
[2025-03-25T14:35:34.183+0000] {manager.py:824} INFO - There are 0 files in /opt/airflow/dags
[2025-03-25T14:39:49.364+0000] {manager.py:465} INFO - Exiting gracefully upon receiving signal 15
[2025-03-25T14:40:33.655+0000] {manager.py:483} INFO - Processing files using up to 2 processes at a time 
[2025-03-25T14:40:33.656+0000] {manager.py:484} INFO - Process each file at most once every 30 seconds
[2025-03-25T14:40:33.656+0000] {manager.py:485} INFO - Checking for new files in /opt/airflow/dags every 300 seconds
[2025-03-25T14:40:33.656+0000] {manager.py:821} INFO - Searching for files in /opt/airflow/dags
[2025-03-25T14:40:33.657+0000] {manager.py:824} INFO - There are 0 files in /opt/airflow/dags
[2025-03-25T14:41:12.310+0000] {manager.py:465} INFO - Exiting gracefully upon receiving signal 15
[2025-03-25T14:42:30.909+0000] {manager.py:483} INFO - Processing files using up to 2 processes at a time 
[2025-03-25T14:42:30.910+0000] {manager.py:484} INFO - Process each file at most once every 30 seconds
[2025-03-25T14:42:30.910+0000] {manager.py:485} INFO - Checking for new files in /opt/airflow/dags every 300 seconds
[2025-03-25T14:42:30.910+0000] {manager.py:821} INFO - Searching for files in /opt/airflow/dags
[2025-03-25T14:42:30.911+0000] {manager.py:824} INFO - There are 0 files in /opt/airflow/dags
[2025-03-25T14:47:31.811+0000] {manager.py:821} INFO - Searching for files in /opt/airflow/dags
[2025-03-25T14:47:31.815+0000] {manager.py:824} INFO - There are 0 files in /opt/airflow/dags
[2025-03-25T14:52:31.812+0000] {manager.py:821} INFO - Searching for files in /opt/airflow/dags
[2025-03-25T14:52:31.817+0000] {manager.py:824} INFO - There are 0 files in /opt/airflow/dags
[2025-03-25T14:57:32.804+0000] {manager.py:821} INFO - Searching for files in /opt/airflow/dags
[2025-03-25T14:57:32.811+0000] {manager.py:824} INFO - There are 0 files in /opt/airflow/dags
